[debug] [2022-01-17T21:35:17.447Z] ----------------------------------------------------------------------
[debug] [2022-01-17T21:35:17.449Z] Command:       C:\Program Files\nodejs\node.exe C:\Users\sagar\AppData\Roaming\npm\node_modules\firebase-tools\lib\bin\firebase.js deploy
[debug] [2022-01-17T21:35:17.449Z] CLI Version:   10.0.1
[debug] [2022-01-17T21:35:17.449Z] Platform:      win32
[debug] [2022-01-17T21:35:17.450Z] Node Version:  v16.13.1
[debug] [2022-01-17T21:35:17.468Z] Time:          Tue Jan 18 2022 03:05:17 GMT+0530 (India Standard Time)
[debug] [2022-01-17T21:35:17.468Z] ----------------------------------------------------------------------
[debug] 
[debug] [2022-01-17T21:35:17.528Z] > command requires scopes: ["email","openid","https://www.googleapis.com/auth/cloudplatformprojects.readonly","https://www.googleapis.com/auth/firebase","https://www.googleapis.com/auth/cloud-platform"]
[debug] [2022-01-17T21:35:17.528Z] > authorizing via signed-in user (sagar.shrivastava6413@gmail.com)
[debug] [2022-01-17T21:35:17.528Z] [iam] checking project one-stop-solution-e8ca1 for permissions ["firebase.projects.get","firebasehosting.sites.update"]
[debug] [2022-01-17T21:35:17.530Z] > refreshing access token with scopes: ["email","https://www.googleapis.com/auth/cloud-platform","https://www.googleapis.com/auth/cloudplatformprojects.readonly","https://www.googleapis.com/auth/firebase","openid"]
[debug] [2022-01-17T21:35:17.531Z] >>> HTTP REQUEST POST https://www.googleapis.com/oauth2/v3/token  
 <request body omitted>
[debug] [2022-01-17T21:35:17.926Z] <<< HTTP RESPONSE 200 {"pragma":"no-cache","date":"Mon, 17 Jan 2022 21:35:17 GMT","expires":"Mon, 01 Jan 1990 00:00:00 GMT","cache-control":"no-cache, no-store, max-age=0, must-revalidate","content-type":"application/json; charset=utf-8","vary":"X-Origin, Referer, Origin,Accept-Encoding","server":"scaffolding on HTTPServer2","x-xss-protection":"0","x-frame-options":"SAMEORIGIN","x-content-type-options":"nosniff","alt-svc":"h3=\":443\"; ma=2592000,h3-29=\":443\"; ma=2592000,h3-Q050=\":443\"; ma=2592000,h3-Q046=\":443\"; ma=2592000,h3-Q043=\":443\"; ma=2592000,quic=\":443\"; ma=2592000; v=\"46,43\"","accept-ranges":"none","transfer-encoding":"chunked"}
[debug] [2022-01-17T21:35:17.947Z] >>> HTTP REQUEST POST https://cloudresourcemanager.googleapis.com/v1/projects/one-stop-solution-e8ca1:testIamPermissions  
 {"permissions":["firebase.projects.get","firebasehosting.sites.update"]}
[debug] [2022-01-17T21:35:19.641Z] <<< HTTP RESPONSE 200 {"content-type":"application/json; charset=UTF-8","vary":"X-Origin, Referer, Origin,Accept-Encoding","date":"Mon, 17 Jan 2022 21:35:19 GMT","server":"ESF","cache-control":"private","x-xss-protection":"0","x-frame-options":"SAMEORIGIN","x-content-type-options":"nosniff","server-timing":"gfet4t7; dur=1341","alt-svc":"h3=\":443\"; ma=2592000,h3-29=\":443\"; ma=2592000,h3-Q050=\":443\"; ma=2592000,h3-Q046=\":443\"; ma=2592000,h3-Q043=\":443\"; ma=2592000,quic=\":443\"; ma=2592000; v=\"46,43\"","accept-ranges":"none","transfer-encoding":"chunked"}
[debug] [2022-01-17T21:35:19.643Z] > refreshing access token with scopes: []
[debug] [2022-01-17T21:35:19.644Z] >>> HTTP REQUEST POST https://www.googleapis.com/oauth2/v3/token  
 <request body omitted>
[debug] [2022-01-17T21:35:19.914Z] <<< HTTP RESPONSE 200 {"cache-control":"no-cache, no-store, max-age=0, must-revalidate","pragma":"no-cache","expires":"Mon, 01 Jan 1990 00:00:00 GMT","date":"Mon, 17 Jan 2022 21:35:19 GMT","content-type":"application/json; charset=utf-8","vary":"X-Origin, Referer, Origin,Accept-Encoding","server":"scaffolding on HTTPServer2","x-xss-protection":"0","x-frame-options":"SAMEORIGIN","x-content-type-options":"nosniff","alt-svc":"h3=\":443\"; ma=2592000,h3-29=\":443\"; ma=2592000,h3-Q050=\":443\"; ma=2592000,h3-Q046=\":443\"; ma=2592000,h3-Q043=\":443\"; ma=2592000,quic=\":443\"; ma=2592000; v=\"46,43\"","accept-ranges":"none","transfer-encoding":"chunked"}
[debug] [2022-01-17T21:35:20.395Z] >>> [apiv2][query] GET https://firebase.googleapis.com/v1beta1/projects/one-stop-solution-e8ca1 [none]
[debug] [2022-01-17T21:35:20.952Z] <<< [apiv2][status] GET https://firebase.googleapis.com/v1beta1/projects/one-stop-solution-e8ca1 200
[debug] [2022-01-17T21:35:20.952Z] <<< [apiv2][body] GET https://firebase.googleapis.com/v1beta1/projects/one-stop-solution-e8ca1 {"projectId":"one-stop-solution-e8ca1","projectNumber":"170186231665","displayName":"one-stop-solution","name":"projects/one-stop-solution-e8ca1","resources":{"hostingSite":"one-stop-solution-e8ca1"},"state":"ACTIVE"}
[info] 
[info] === Deploying to 'one-stop-solution-e8ca1'...
[info] 
[info] i  deploying hosting 
[debug] [2022-01-17T21:35:20.958Z] > refreshing access token with scopes: ["email","https://www.googleapis.com/auth/cloud-platform","https://www.googleapis.com/auth/cloudplatformprojects.readonly","https://www.googleapis.com/auth/firebase","openid"]
[debug] [2022-01-17T21:35:20.958Z] >>> HTTP REQUEST POST https://www.googleapis.com/oauth2/v3/token  
 <request body omitted>
[debug] [2022-01-17T21:35:21.231Z] <<< HTTP RESPONSE 200 {"date":"Mon, 17 Jan 2022 21:35:21 GMT","expires":"Mon, 01 Jan 1990 00:00:00 GMT","pragma":"no-cache","cache-control":"no-cache, no-store, max-age=0, must-revalidate","content-type":"application/json; charset=utf-8","vary":"X-Origin, Referer, Origin,Accept-Encoding","server":"scaffolding on HTTPServer2","x-xss-protection":"0","x-frame-options":"SAMEORIGIN","x-content-type-options":"nosniff","alt-svc":"h3=\":443\"; ma=2592000,h3-29=\":443\"; ma=2592000,h3-Q050=\":443\"; ma=2592000,h3-Q046=\":443\"; ma=2592000,h3-Q043=\":443\"; ma=2592000,quic=\":443\"; ma=2592000; v=\"46,43\"","accept-ranges":"none","transfer-encoding":"chunked"}
[debug] [2022-01-17T21:35:21.248Z] >>> HTTP REQUEST POST https://firebasehosting.googleapis.com/v1beta1/sites/one-stop-solution-e8ca1/versions  
 {"config":{"rewrites":[{"glob":"**","path":"/index.html"}]},"labels":{"deployment-tool":"cli-firebase"}}
[debug] [2022-01-17T21:35:23.396Z] <<< HTTP RESPONSE 200 {"content-type":"application/json; charset=UTF-8","vary":"X-Origin, Referer, Origin,Accept-Encoding","date":"Mon, 17 Jan 2022 21:35:23 GMT","server":"ESF","cache-control":"private","x-xss-protection":"0","x-frame-options":"SAMEORIGIN","x-content-type-options":"nosniff","alt-svc":"h3=\":443\"; ma=2592000,h3-29=\":443\"; ma=2592000,h3-Q050=\":443\"; ma=2592000,h3-Q046=\":443\"; ma=2592000,h3-Q043=\":443\"; ma=2592000,quic=\":443\"; ma=2592000; v=\"46,43\"","accept-ranges":"none","transfer-encoding":"chunked"}
[info] i  hosting[one-stop-solution-e8ca1]: beginning deploy... 
[info] i  hosting[one-stop-solution-e8ca1]: found 26 files in build 
[debug] [2022-01-17T21:35:23.849Z] > refreshing access token with scopes: []
[debug] [2022-01-17T21:35:23.849Z] >>> HTTP REQUEST POST https://www.googleapis.com/oauth2/v3/token  
 <request body omitted>
[debug] [2022-01-17T21:35:23.851Z] [hosting] hash cache [YnVpbGQ] stored for 26 files
[debug] [2022-01-17T21:35:23.851Z] [hosting][hash queue][FINAL] {"max":424,"min":4,"avg":37.26923076923077,"active":0,"complete":26,"success":26,"errored":0,"retried":0,"total":26,"elapsed":433}
[debug] [2022-01-17T21:35:24.132Z] <<< HTTP RESPONSE 200 {"pragma":"no-cache","cache-control":"no-cache, no-store, max-age=0, must-revalidate","date":"Mon, 17 Jan 2022 21:35:24 GMT","expires":"Mon, 01 Jan 1990 00:00:00 GMT","content-type":"application/json; charset=utf-8","vary":"X-Origin, Referer, Origin,Accept-Encoding","server":"scaffolding on HTTPServer2","x-xss-protection":"0","x-frame-options":"SAMEORIGIN","x-content-type-options":"nosniff","alt-svc":"h3=\":443\"; ma=2592000,h3-29=\":443\"; ma=2592000,h3-Q050=\":443\"; ma=2592000,h3-Q046=\":443\"; ma=2592000,h3-Q043=\":443\"; ma=2592000,quic=\":443\"; ma=2592000; v=\"46,43\"","accept-ranges":"none","transfer-encoding":"chunked"}
[debug] [2022-01-17T21:35:24.151Z] >>> [apiv2][query] POST https://firebasehosting.googleapis.com/v1beta1/sites/one-stop-solution-e8ca1/versions/64845e4b113281fe:populateFiles [none]
[debug] [2022-01-17T21:35:24.151Z] >>> [apiv2][body] POST https://firebasehosting.googleapis.com/v1beta1/sites/one-stop-solution-e8ca1/versions/64845e4b113281fe:populateFiles {"files":{"/favicon.ico":"eae62e993eb980ec8a25058c39d5a51feab118bd2100c4deebb2a9c158ec11f9","/logo192.png":"3ee59515172ee198f3be375979df15ac5345183e656720a381b8872b2a39dc8b","/logo512.png":"ee7e2f3fdb8209c4b6fd7bef6ba50d1b9dba30a25bb5c3126df057e1cb6f5331","/manifest.json":"aff3449bdc238776f5d6d967f19ec491b36aed5fb7f23ccff6500736fd58494a","/robots.txt":"bfe106a3fb878dc83461c86818bf74fc1bdc7f28538ba613cd3e775516ce8b49","/asset-manifest.json":"11b5e151126f0c3cb3cb1f772663eeefacaaea48d417402b0de7ec63f68d4382","/service-worker.js":"4245c6f9d9e5482be88236e73ea801e5c68b7403cb948774ba5683b947c57f1a","/index.html":"640965a5a35857ccc01ca8e2b10f7f7e28c348f5121b4dc09890012dd3edff22","/precache-manifest.733262691753d70d530fbdd1526fc9b4.js":"0151e194ee08825f6ea35ccf2f01e3fac7faab5000b6c0eedb856aafc7ed1e0e","/static/css/2.7f2699be.chunk.css":"7d00ed9b6b9d5146aab7aa0510d44f8c32e34e262554c63c2bf8e6fc8978f973","/static/css/main.675cab67.chunk.css":"2450bc35595bf32fc9d30492cc098d9331a1a5b5e1040c356a8c7aa1520ec976","/static/css/2.7f2699be.chunk.css.map":"8cec1604ee0102f536f3e89878bbcc300d8b3d71a0313a6f00d686fe6aa6737c","/static/js/3.a9d7b69c.chunk.js":"841c970d811bc46cb83666abfdfbff2f02cace2913248d8c551150ec64bdb702","/static/js/3.a9d7b69c.chunk.js.map":"1ffc8cf427864eab715b512e4660de03a265101a9315438504c2ce6a301f6c75","/static/js/main.d9eb0410.chunk.js":"0d97560c0b4e92c88e7ccd005b61ee1b9865c8e643a36fcd6c39b627dda12c0a","/static/js/runtime~main.ddd18646.js":"c4f17c791b7887e546578089e52f0a9d6f224cefffff861f2b1e9bf218767744","/static/css/main.675cab67.chunk.css.map":"a1928fc2fb595f2148162f5b128766d3b76af93d1dc671e261e17c51bed24d4d","/static/js/runtime~main.ddd18646.js.map":"e57fae5cfcf9e8fde22bfb3a0443dad28dbe171d8bae0b433ab29d11a75f2b12","/static/js/main.d9eb0410.chunk.js.map":"5090f6449ada7db73c4edadd066e9cdd4f4c1f95f4e0a8f3c51b51a8980026a5","/static/media/studing.16d218c8.jpeg":"69ce111e9e944ae7bcc6cf01dd44dda989f73de8174445159bf011dc95f6ee4c","/static/js/2.656c08a7.chunk.js":"e456966c69b532e43db5cc830ac62a4257ff2e0abafddcd55e951e61dd493068","/static/media/Networks.e356d2e3.jpg":"6688d3e3a666fdbbd5942486508a086fcb227e4f37106a4f168f4b1411c5c8d8","/static/media/dbms.54623902.jpg":"c0f29301d9b7260344f628e8dcfd2b48c55fa5b3d741ad6600af62e3d6959f2e","/static/media/Os.eaf97a57.jpg":"721a5b3ea3fd0aeb9602f46ed8aaa46a466c16fa887b0c3caf26bc8c32c9e6d0","/static/media/Ml.e883afdb.jpg":"20ef368eb9a9d3b10740eab5451b0c593b5d978e241ec57bdf00f2a0d234dde3","/static/js/2.656c08a7.chunk.js.map":"fc4d3c02a58b94237456912298a8bc2621b8ee2bf0af7d3ebf5e93b9981fcad9"}}
[debug] [2022-01-17T21:35:45.610Z] [populateQueue] Retrying task index 0
[debug] [2022-01-17T21:35:45.611Z] >>> [apiv2][query] POST https://firebasehosting.googleapis.com/v1beta1/sites/one-stop-solution-e8ca1/versions/64845e4b113281fe:populateFiles [none]
[debug] [2022-01-17T21:35:45.611Z] >>> [apiv2][body] POST https://firebasehosting.googleapis.com/v1beta1/sites/one-stop-solution-e8ca1/versions/64845e4b113281fe:populateFiles {"files":{"/favicon.ico":"eae62e993eb980ec8a25058c39d5a51feab118bd2100c4deebb2a9c158ec11f9","/logo192.png":"3ee59515172ee198f3be375979df15ac5345183e656720a381b8872b2a39dc8b","/logo512.png":"ee7e2f3fdb8209c4b6fd7bef6ba50d1b9dba30a25bb5c3126df057e1cb6f5331","/manifest.json":"aff3449bdc238776f5d6d967f19ec491b36aed5fb7f23ccff6500736fd58494a","/robots.txt":"bfe106a3fb878dc83461c86818bf74fc1bdc7f28538ba613cd3e775516ce8b49","/asset-manifest.json":"11b5e151126f0c3cb3cb1f772663eeefacaaea48d417402b0de7ec63f68d4382","/service-worker.js":"4245c6f9d9e5482be88236e73ea801e5c68b7403cb948774ba5683b947c57f1a","/index.html":"640965a5a35857ccc01ca8e2b10f7f7e28c348f5121b4dc09890012dd3edff22","/precache-manifest.733262691753d70d530fbdd1526fc9b4.js":"0151e194ee08825f6ea35ccf2f01e3fac7faab5000b6c0eedb856aafc7ed1e0e","/static/css/2.7f2699be.chunk.css":"7d00ed9b6b9d5146aab7aa0510d44f8c32e34e262554c63c2bf8e6fc8978f973","/static/css/main.675cab67.chunk.css":"2450bc35595bf32fc9d30492cc098d9331a1a5b5e1040c356a8c7aa1520ec976","/static/css/2.7f2699be.chunk.css.map":"8cec1604ee0102f536f3e89878bbcc300d8b3d71a0313a6f00d686fe6aa6737c","/static/js/3.a9d7b69c.chunk.js":"841c970d811bc46cb83666abfdfbff2f02cace2913248d8c551150ec64bdb702","/static/js/3.a9d7b69c.chunk.js.map":"1ffc8cf427864eab715b512e4660de03a265101a9315438504c2ce6a301f6c75","/static/js/main.d9eb0410.chunk.js":"0d97560c0b4e92c88e7ccd005b61ee1b9865c8e643a36fcd6c39b627dda12c0a","/static/js/runtime~main.ddd18646.js":"c4f17c791b7887e546578089e52f0a9d6f224cefffff861f2b1e9bf218767744","/static/css/main.675cab67.chunk.css.map":"a1928fc2fb595f2148162f5b128766d3b76af93d1dc671e261e17c51bed24d4d","/static/js/runtime~main.ddd18646.js.map":"e57fae5cfcf9e8fde22bfb3a0443dad28dbe171d8bae0b433ab29d11a75f2b12","/static/js/main.d9eb0410.chunk.js.map":"5090f6449ada7db73c4edadd066e9cdd4f4c1f95f4e0a8f3c51b51a8980026a5","/static/media/studing.16d218c8.jpeg":"69ce111e9e944ae7bcc6cf01dd44dda989f73de8174445159bf011dc95f6ee4c","/static/js/2.656c08a7.chunk.js":"e456966c69b532e43db5cc830ac62a4257ff2e0abafddcd55e951e61dd493068","/static/media/Networks.e356d2e3.jpg":"6688d3e3a666fdbbd5942486508a086fcb227e4f37106a4f168f4b1411c5c8d8","/static/media/dbms.54623902.jpg":"c0f29301d9b7260344f628e8dcfd2b48c55fa5b3d741ad6600af62e3d6959f2e","/static/media/Os.eaf97a57.jpg":"721a5b3ea3fd0aeb9602f46ed8aaa46a466c16fa887b0c3caf26bc8c32c9e6d0","/static/media/Ml.e883afdb.jpg":"20ef368eb9a9d3b10740eab5451b0c593b5d978e241ec57bdf00f2a0d234dde3","/static/js/2.656c08a7.chunk.js.map":"fc4d3c02a58b94237456912298a8bc2621b8ee2bf0af7d3ebf5e93b9981fcad9"}}
[debug] [2022-01-17T21:36:07.493Z] [populateQueue] Retrying task index 0
[debug] [2022-01-17T21:36:07.494Z] >>> [apiv2][query] POST https://firebasehosting.googleapis.com/v1beta1/sites/one-stop-solution-e8ca1/versions/64845e4b113281fe:populateFiles [none]
[debug] [2022-01-17T21:36:07.494Z] >>> [apiv2][body] POST https://firebasehosting.googleapis.com/v1beta1/sites/one-stop-solution-e8ca1/versions/64845e4b113281fe:populateFiles {"files":{"/favicon.ico":"eae62e993eb980ec8a25058c39d5a51feab118bd2100c4deebb2a9c158ec11f9","/logo192.png":"3ee59515172ee198f3be375979df15ac5345183e656720a381b8872b2a39dc8b","/logo512.png":"ee7e2f3fdb8209c4b6fd7bef6ba50d1b9dba30a25bb5c3126df057e1cb6f5331","/manifest.json":"aff3449bdc238776f5d6d967f19ec491b36aed5fb7f23ccff6500736fd58494a","/robots.txt":"bfe106a3fb878dc83461c86818bf74fc1bdc7f28538ba613cd3e775516ce8b49","/asset-manifest.json":"11b5e151126f0c3cb3cb1f772663eeefacaaea48d417402b0de7ec63f68d4382","/service-worker.js":"4245c6f9d9e5482be88236e73ea801e5c68b7403cb948774ba5683b947c57f1a","/index.html":"640965a5a35857ccc01ca8e2b10f7f7e28c348f5121b4dc09890012dd3edff22","/precache-manifest.733262691753d70d530fbdd1526fc9b4.js":"0151e194ee08825f6ea35ccf2f01e3fac7faab5000b6c0eedb856aafc7ed1e0e","/static/css/2.7f2699be.chunk.css":"7d00ed9b6b9d5146aab7aa0510d44f8c32e34e262554c63c2bf8e6fc8978f973","/static/css/main.675cab67.chunk.css":"2450bc35595bf32fc9d30492cc098d9331a1a5b5e1040c356a8c7aa1520ec976","/static/css/2.7f2699be.chunk.css.map":"8cec1604ee0102f536f3e89878bbcc300d8b3d71a0313a6f00d686fe6aa6737c","/static/js/3.a9d7b69c.chunk.js":"841c970d811bc46cb83666abfdfbff2f02cace2913248d8c551150ec64bdb702","/static/js/3.a9d7b69c.chunk.js.map":"1ffc8cf427864eab715b512e4660de03a265101a9315438504c2ce6a301f6c75","/static/js/main.d9eb0410.chunk.js":"0d97560c0b4e92c88e7ccd005b61ee1b9865c8e643a36fcd6c39b627dda12c0a","/static/js/runtime~main.ddd18646.js":"c4f17c791b7887e546578089e52f0a9d6f224cefffff861f2b1e9bf218767744","/static/css/main.675cab67.chunk.css.map":"a1928fc2fb595f2148162f5b128766d3b76af93d1dc671e261e17c51bed24d4d","/static/js/runtime~main.ddd18646.js.map":"e57fae5cfcf9e8fde22bfb3a0443dad28dbe171d8bae0b433ab29d11a75f2b12","/static/js/main.d9eb0410.chunk.js.map":"5090f6449ada7db73c4edadd066e9cdd4f4c1f95f4e0a8f3c51b51a8980026a5","/static/media/studing.16d218c8.jpeg":"69ce111e9e944ae7bcc6cf01dd44dda989f73de8174445159bf011dc95f6ee4c","/static/js/2.656c08a7.chunk.js":"e456966c69b532e43db5cc830ac62a4257ff2e0abafddcd55e951e61dd493068","/static/media/Networks.e356d2e3.jpg":"6688d3e3a666fdbbd5942486508a086fcb227e4f37106a4f168f4b1411c5c8d8","/static/media/dbms.54623902.jpg":"c0f29301d9b7260344f628e8dcfd2b48c55fa5b3d741ad6600af62e3d6959f2e","/static/media/Os.eaf97a57.jpg":"721a5b3ea3fd0aeb9602f46ed8aaa46a466c16fa887b0c3caf26bc8c32c9e6d0","/static/media/Ml.e883afdb.jpg":"20ef368eb9a9d3b10740eab5451b0c593b5d978e241ec57bdf00f2a0d234dde3","/static/js/2.656c08a7.chunk.js.map":"fc4d3c02a58b94237456912298a8bc2621b8ee2bf0af7d3ebf5e93b9981fcad9"}}
[debug] [2022-01-17T21:36:30.162Z] [populateQueue] Retrying task index 0
[debug] [2022-01-17T21:36:30.163Z] >>> [apiv2][query] POST https://firebasehosting.googleapis.com/v1beta1/sites/one-stop-solution-e8ca1/versions/64845e4b113281fe:populateFiles [none]
[debug] [2022-01-17T21:36:30.163Z] >>> [apiv2][body] POST https://firebasehosting.googleapis.com/v1beta1/sites/one-stop-solution-e8ca1/versions/64845e4b113281fe:populateFiles {"files":{"/favicon.ico":"eae62e993eb980ec8a25058c39d5a51feab118bd2100c4deebb2a9c158ec11f9","/logo192.png":"3ee59515172ee198f3be375979df15ac5345183e656720a381b8872b2a39dc8b","/logo512.png":"ee7e2f3fdb8209c4b6fd7bef6ba50d1b9dba30a25bb5c3126df057e1cb6f5331","/manifest.json":"aff3449bdc238776f5d6d967f19ec491b36aed5fb7f23ccff6500736fd58494a","/robots.txt":"bfe106a3fb878dc83461c86818bf74fc1bdc7f28538ba613cd3e775516ce8b49","/asset-manifest.json":"11b5e151126f0c3cb3cb1f772663eeefacaaea48d417402b0de7ec63f68d4382","/service-worker.js":"4245c6f9d9e5482be88236e73ea801e5c68b7403cb948774ba5683b947c57f1a","/index.html":"640965a5a35857ccc01ca8e2b10f7f7e28c348f5121b4dc09890012dd3edff22","/precache-manifest.733262691753d70d530fbdd1526fc9b4.js":"0151e194ee08825f6ea35ccf2f01e3fac7faab5000b6c0eedb856aafc7ed1e0e","/static/css/2.7f2699be.chunk.css":"7d00ed9b6b9d5146aab7aa0510d44f8c32e34e262554c63c2bf8e6fc8978f973","/static/css/main.675cab67.chunk.css":"2450bc35595bf32fc9d30492cc098d9331a1a5b5e1040c356a8c7aa1520ec976","/static/css/2.7f2699be.chunk.css.map":"8cec1604ee0102f536f3e89878bbcc300d8b3d71a0313a6f00d686fe6aa6737c","/static/js/3.a9d7b69c.chunk.js":"841c970d811bc46cb83666abfdfbff2f02cace2913248d8c551150ec64bdb702","/static/js/3.a9d7b69c.chunk.js.map":"1ffc8cf427864eab715b512e4660de03a265101a9315438504c2ce6a301f6c75","/static/js/main.d9eb0410.chunk.js":"0d97560c0b4e92c88e7ccd005b61ee1b9865c8e643a36fcd6c39b627dda12c0a","/static/js/runtime~main.ddd18646.js":"c4f17c791b7887e546578089e52f0a9d6f224cefffff861f2b1e9bf218767744","/static/css/main.675cab67.chunk.css.map":"a1928fc2fb595f2148162f5b128766d3b76af93d1dc671e261e17c51bed24d4d","/static/js/runtime~main.ddd18646.js.map":"e57fae5cfcf9e8fde22bfb3a0443dad28dbe171d8bae0b433ab29d11a75f2b12","/static/js/main.d9eb0410.chunk.js.map":"5090f6449ada7db73c4edadd066e9cdd4f4c1f95f4e0a8f3c51b51a8980026a5","/static/media/studing.16d218c8.jpeg":"69ce111e9e944ae7bcc6cf01dd44dda989f73de8174445159bf011dc95f6ee4c","/static/js/2.656c08a7.chunk.js":"e456966c69b532e43db5cc830ac62a4257ff2e0abafddcd55e951e61dd493068","/static/media/Networks.e356d2e3.jpg":"6688d3e3a666fdbbd5942486508a086fcb227e4f37106a4f168f4b1411c5c8d8","/static/media/dbms.54623902.jpg":"c0f29301d9b7260344f628e8dcfd2b48c55fa5b3d741ad6600af62e3d6959f2e","/static/media/Os.eaf97a57.jpg":"721a5b3ea3fd0aeb9602f46ed8aaa46a466c16fa887b0c3caf26bc8c32c9e6d0","/static/media/Ml.e883afdb.jpg":"20ef368eb9a9d3b10740eab5451b0c593b5d978e241ec57bdf00f2a0d234dde3","/static/js/2.656c08a7.chunk.js.map":"fc4d3c02a58b94237456912298a8bc2621b8ee2bf0af7d3ebf5e93b9981fcad9"}}
[debug] [2022-01-17T21:36:32.016Z] <<< [apiv2][status] POST https://firebasehosting.googleapis.com/v1beta1/sites/one-stop-solution-e8ca1/versions/64845e4b113281fe:populateFiles 200
[debug] [2022-01-17T21:36:32.016Z] <<< [apiv2][body] POST https://firebasehosting.googleapis.com/v1beta1/sites/one-stop-solution-e8ca1/versions/64845e4b113281fe:populateFiles {"uploadRequiredHashes":["e456966c69b532e43db5cc830ac62a4257ff2e0abafddcd55e951e61dd493068","fc4d3c02a58b94237456912298a8bc2621b8ee2bf0af7d3ebf5e93b9981fcad9","a1928fc2fb595f2148162f5b128766d3b76af93d1dc671e261e17c51bed24d4d","7d00ed9b6b9d5146aab7aa0510d44f8c32e34e262554c63c2bf8e6fc8978f973","c4f17c791b7887e546578089e52f0a9d6f224cefffff861f2b1e9bf218767744","841c970d811bc46cb83666abfdfbff2f02cace2913248d8c551150ec64bdb702","640965a5a35857ccc01ca8e2b10f7f7e28c348f5121b4dc09890012dd3edff22","0151e194ee08825f6ea35ccf2f01e3fac7faab5000b6c0eedb856aafc7ed1e0e","4245c6f9d9e5482be88236e73ea801e5c68b7403cb948774ba5683b947c57f1a","e57fae5cfcf9e8fde22bfb3a0443dad28dbe171d8bae0b433ab29d11a75f2b12","8cec1604ee0102f536f3e89878bbcc300d8b3d71a0313a6f00d686fe6aa6737c","11b5e151126f0c3cb3cb1f772663eeefacaaea48d417402b0de7ec63f68d4382","0d97560c0b4e92c88e7ccd005b61ee1b9865c8e643a36fcd6c39b627dda12c0a","1ffc8cf427864eab715b512e4660de03a265101a9315438504c2ce6a301f6c75","2450bc35595bf32fc9d30492cc098d9331a1a5b5e1040c356a8c7aa1520ec976","5090f6449ada7db73c4edadd066e9cdd4f4c1f95f4e0a8f3c51b51a8980026a5"],"uploadUrl":"https://upload-firebasehosting.googleapis.com/upload/sites/one-stop-solution-e8ca1/versions/64845e4b113281fe/files"}
[debug] [2022-01-17T21:36:32.019Z] >>> [apiv2][query] POST https://upload-firebasehosting.googleapis.com/upload/sites/one-stop-solution-e8ca1/versions/64845e4b113281fe/files/e456966c69b532e43db5cc830ac62a4257ff2e0abafddcd55e951e61dd493068 [none]
[debug] [2022-01-17T21:36:32.019Z] >>> [apiv2][body] POST https://upload-firebasehosting.googleapis.com/upload/sites/one-stop-solution-e8ca1/versions/64845e4b113281fe/files/e456966c69b532e43db5cc830ac62a4257ff2e0abafddcd55e951e61dd493068 [stream]
[debug] [2022-01-17T21:36:32.020Z] >>> [apiv2][query] POST https://upload-firebasehosting.googleapis.com/upload/sites/one-stop-solution-e8ca1/versions/64845e4b113281fe/files/fc4d3c02a58b94237456912298a8bc2621b8ee2bf0af7d3ebf5e93b9981fcad9 [none]
[debug] [2022-01-17T21:36:32.020Z] >>> [apiv2][body] POST https://upload-firebasehosting.googleapis.com/upload/sites/one-stop-solution-e8ca1/versions/64845e4b113281fe/files/fc4d3c02a58b94237456912298a8bc2621b8ee2bf0af7d3ebf5e93b9981fcad9 [stream]
[debug] [2022-01-17T21:36:32.023Z] >>> [apiv2][query] POST https://upload-firebasehosting.googleapis.com/upload/sites/one-stop-solution-e8ca1/versions/64845e4b113281fe/files/a1928fc2fb595f2148162f5b128766d3b76af93d1dc671e261e17c51bed24d4d [none]
[debug] [2022-01-17T21:36:32.023Z] >>> [apiv2][body] POST https://upload-firebasehosting.googleapis.com/upload/sites/one-stop-solution-e8ca1/versions/64845e4b113281fe/files/a1928fc2fb595f2148162f5b128766d3b76af93d1dc671e261e17c51bed24d4d [stream]
[debug] [2022-01-17T21:36:32.024Z] >>> [apiv2][query] POST https://upload-firebasehosting.googleapis.com/upload/sites/one-stop-solution-e8ca1/versions/64845e4b113281fe/files/7d00ed9b6b9d5146aab7aa0510d44f8c32e34e262554c63c2bf8e6fc8978f973 [none]
[debug] [2022-01-17T21:36:32.024Z] >>> [apiv2][body] POST https://upload-firebasehosting.googleapis.com/upload/sites/one-stop-solution-e8ca1/versions/64845e4b113281fe/files/7d00ed9b6b9d5146aab7aa0510d44f8c32e34e262554c63c2bf8e6fc8978f973 [stream]
[debug] [2022-01-17T21:36:32.024Z] >>> [apiv2][query] POST https://upload-firebasehosting.googleapis.com/upload/sites/one-stop-solution-e8ca1/versions/64845e4b113281fe/files/c4f17c791b7887e546578089e52f0a9d6f224cefffff861f2b1e9bf218767744 [none]
[debug] [2022-01-17T21:36:32.024Z] >>> [apiv2][body] POST https://upload-firebasehosting.googleapis.com/upload/sites/one-stop-solution-e8ca1/versions/64845e4b113281fe/files/c4f17c791b7887e546578089e52f0a9d6f224cefffff861f2b1e9bf218767744 [stream]
[debug] [2022-01-17T21:36:32.026Z] >>> [apiv2][query] POST https://upload-firebasehosting.googleapis.com/upload/sites/one-stop-solution-e8ca1/versions/64845e4b113281fe/files/841c970d811bc46cb83666abfdfbff2f02cace2913248d8c551150ec64bdb702 [none]
[debug] [2022-01-17T21:36:32.026Z] >>> [apiv2][body] POST https://upload-firebasehosting.googleapis.com/upload/sites/one-stop-solution-e8ca1/versions/64845e4b113281fe/files/841c970d811bc46cb83666abfdfbff2f02cace2913248d8c551150ec64bdb702 [stream]
[debug] [2022-01-17T21:36:32.027Z] >>> [apiv2][query] POST https://upload-firebasehosting.googleapis.com/upload/sites/one-stop-solution-e8ca1/versions/64845e4b113281fe/files/640965a5a35857ccc01ca8e2b10f7f7e28c348f5121b4dc09890012dd3edff22 [none]
[debug] [2022-01-17T21:36:32.027Z] >>> [apiv2][body] POST https://upload-firebasehosting.googleapis.com/upload/sites/one-stop-solution-e8ca1/versions/64845e4b113281fe/files/640965a5a35857ccc01ca8e2b10f7f7e28c348f5121b4dc09890012dd3edff22 [stream]
[debug] [2022-01-17T21:36:32.028Z] >>> [apiv2][query] POST https://upload-firebasehosting.googleapis.com/upload/sites/one-stop-solution-e8ca1/versions/64845e4b113281fe/files/0151e194ee08825f6ea35ccf2f01e3fac7faab5000b6c0eedb856aafc7ed1e0e [none]
[debug] [2022-01-17T21:36:32.028Z] >>> [apiv2][body] POST https://upload-firebasehosting.googleapis.com/upload/sites/one-stop-solution-e8ca1/versions/64845e4b113281fe/files/0151e194ee08825f6ea35ccf2f01e3fac7faab5000b6c0eedb856aafc7ed1e0e [stream]
[debug] [2022-01-17T21:36:32.028Z] >>> [apiv2][query] POST https://upload-firebasehosting.googleapis.com/upload/sites/one-stop-solution-e8ca1/versions/64845e4b113281fe/files/4245c6f9d9e5482be88236e73ea801e5c68b7403cb948774ba5683b947c57f1a [none]
[debug] [2022-01-17T21:36:32.028Z] >>> [apiv2][body] POST https://upload-firebasehosting.googleapis.com/upload/sites/one-stop-solution-e8ca1/versions/64845e4b113281fe/files/4245c6f9d9e5482be88236e73ea801e5c68b7403cb948774ba5683b947c57f1a [stream]
[debug] [2022-01-17T21:36:32.029Z] >>> [apiv2][query] POST https://upload-firebasehosting.googleapis.com/upload/sites/one-stop-solution-e8ca1/versions/64845e4b113281fe/files/e57fae5cfcf9e8fde22bfb3a0443dad28dbe171d8bae0b433ab29d11a75f2b12 [none]
[debug] [2022-01-17T21:36:32.029Z] >>> [apiv2][body] POST https://upload-firebasehosting.googleapis.com/upload/sites/one-stop-solution-e8ca1/versions/64845e4b113281fe/files/e57fae5cfcf9e8fde22bfb3a0443dad28dbe171d8bae0b433ab29d11a75f2b12 [stream]
[debug] [2022-01-17T21:36:32.030Z] >>> [apiv2][query] POST https://upload-firebasehosting.googleapis.com/upload/sites/one-stop-solution-e8ca1/versions/64845e4b113281fe/files/8cec1604ee0102f536f3e89878bbcc300d8b3d71a0313a6f00d686fe6aa6737c [none]
[debug] [2022-01-17T21:36:32.030Z] >>> [apiv2][body] POST https://upload-firebasehosting.googleapis.com/upload/sites/one-stop-solution-e8ca1/versions/64845e4b113281fe/files/8cec1604ee0102f536f3e89878bbcc300d8b3d71a0313a6f00d686fe6aa6737c [stream]
[debug] [2022-01-17T21:36:32.030Z] >>> [apiv2][query] POST https://upload-firebasehosting.googleapis.com/upload/sites/one-stop-solution-e8ca1/versions/64845e4b113281fe/files/11b5e151126f0c3cb3cb1f772663eeefacaaea48d417402b0de7ec63f68d4382 [none]
[debug] [2022-01-17T21:36:32.030Z] >>> [apiv2][body] POST https://upload-firebasehosting.googleapis.com/upload/sites/one-stop-solution-e8ca1/versions/64845e4b113281fe/files/11b5e151126f0c3cb3cb1f772663eeefacaaea48d417402b0de7ec63f68d4382 [stream]
[debug] [2022-01-17T21:36:32.031Z] >>> [apiv2][query] POST https://upload-firebasehosting.googleapis.com/upload/sites/one-stop-solution-e8ca1/versions/64845e4b113281fe/files/0d97560c0b4e92c88e7ccd005b61ee1b9865c8e643a36fcd6c39b627dda12c0a [none]
[debug] [2022-01-17T21:36:32.031Z] >>> [apiv2][body] POST https://upload-firebasehosting.googleapis.com/upload/sites/one-stop-solution-e8ca1/versions/64845e4b113281fe/files/0d97560c0b4e92c88e7ccd005b61ee1b9865c8e643a36fcd6c39b627dda12c0a [stream]
[debug] [2022-01-17T21:36:32.031Z] >>> [apiv2][query] POST https://upload-firebasehosting.googleapis.com/upload/sites/one-stop-solution-e8ca1/versions/64845e4b113281fe/files/1ffc8cf427864eab715b512e4660de03a265101a9315438504c2ce6a301f6c75 [none]
[debug] [2022-01-17T21:36:32.031Z] >>> [apiv2][body] POST https://upload-firebasehosting.googleapis.com/upload/sites/one-stop-solution-e8ca1/versions/64845e4b113281fe/files/1ffc8cf427864eab715b512e4660de03a265101a9315438504c2ce6a301f6c75 [stream]
[debug] [2022-01-17T21:36:32.032Z] >>> [apiv2][query] POST https://upload-firebasehosting.googleapis.com/upload/sites/one-stop-solution-e8ca1/versions/64845e4b113281fe/files/2450bc35595bf32fc9d30492cc098d9331a1a5b5e1040c356a8c7aa1520ec976 [none]
[debug] [2022-01-17T21:36:32.032Z] >>> [apiv2][body] POST https://upload-firebasehosting.googleapis.com/upload/sites/one-stop-solution-e8ca1/versions/64845e4b113281fe/files/2450bc35595bf32fc9d30492cc098d9331a1a5b5e1040c356a8c7aa1520ec976 [stream]
[debug] [2022-01-17T21:36:32.033Z] >>> [apiv2][query] POST https://upload-firebasehosting.googleapis.com/upload/sites/one-stop-solution-e8ca1/versions/64845e4b113281fe/files/5090f6449ada7db73c4edadd066e9cdd4f4c1f95f4e0a8f3c51b51a8980026a5 [none]
[debug] [2022-01-17T21:36:32.033Z] >>> [apiv2][body] POST https://upload-firebasehosting.googleapis.com/upload/sites/one-stop-solution-e8ca1/versions/64845e4b113281fe/files/5090f6449ada7db73c4edadd066e9cdd4f4c1f95f4e0a8f3c51b51a8980026a5 [stream]
[debug] [2022-01-17T21:36:32.033Z] [hosting][populate queue][FINAL] {"max":1856,"min":1856,"avg":1856,"active":0,"complete":1,"success":1,"errored":0,"retried":3,"total":1,"elapsed":68185}
[debug] [2022-01-17T21:36:32.033Z] [hosting] uploads queued: 16
[debug] [2022-01-17T21:36:34.300Z] <<< [apiv2][status] POST https://upload-firebasehosting.googleapis.com/upload/sites/one-stop-solution-e8ca1/versions/64845e4b113281fe/files/8cec1604ee0102f536f3e89878bbcc300d8b3d71a0313a6f00d686fe6aa6737c 200
[debug] [2022-01-17T21:36:34.300Z] <<< [apiv2][body] POST https://upload-firebasehosting.googleapis.com/upload/sites/one-stop-solution-e8ca1/versions/64845e4b113281fe/files/8cec1604ee0102f536f3e89878bbcc300d8b3d71a0313a6f00d686fe6aa6737c [stream]
[debug] [2022-01-17T21:36:34.392Z] <<< [apiv2][status] POST https://upload-firebasehosting.googleapis.com/upload/sites/one-stop-solution-e8ca1/versions/64845e4b113281fe/files/11b5e151126f0c3cb3cb1f772663eeefacaaea48d417402b0de7ec63f68d4382 200
[debug] [2022-01-17T21:36:34.392Z] <<< [apiv2][body] POST https://upload-firebasehosting.googleapis.com/upload/sites/one-stop-solution-e8ca1/versions/64845e4b113281fe/files/11b5e151126f0c3cb3cb1f772663eeefacaaea48d417402b0de7ec63f68d4382 [stream]
[debug] [2022-01-17T21:36:34.847Z] <<< [apiv2][status] POST https://upload-firebasehosting.googleapis.com/upload/sites/one-stop-solution-e8ca1/versions/64845e4b113281fe/files/841c970d811bc46cb83666abfdfbff2f02cace2913248d8c551150ec64bdb702 200
[debug] [2022-01-17T21:36:34.848Z] <<< [apiv2][body] POST https://upload-firebasehosting.googleapis.com/upload/sites/one-stop-solution-e8ca1/versions/64845e4b113281fe/files/841c970d811bc46cb83666abfdfbff2f02cace2913248d8c551150ec64bdb702 [stream]
[debug] [2022-01-17T21:36:34.888Z] <<< [apiv2][status] POST https://upload-firebasehosting.googleapis.com/upload/sites/one-stop-solution-e8ca1/versions/64845e4b113281fe/files/0d97560c0b4e92c88e7ccd005b61ee1b9865c8e643a36fcd6c39b627dda12c0a 200
[debug] [2022-01-17T21:36:34.888Z] <<< [apiv2][body] POST https://upload-firebasehosting.googleapis.com/upload/sites/one-stop-solution-e8ca1/versions/64845e4b113281fe/files/0d97560c0b4e92c88e7ccd005b61ee1b9865c8e643a36fcd6c39b627dda12c0a [stream]
[debug] [2022-01-17T21:36:34.918Z] <<< [apiv2][status] POST https://upload-firebasehosting.googleapis.com/upload/sites/one-stop-solution-e8ca1/versions/64845e4b113281fe/files/1ffc8cf427864eab715b512e4660de03a265101a9315438504c2ce6a301f6c75 200
[debug] [2022-01-17T21:36:34.918Z] <<< [apiv2][body] POST https://upload-firebasehosting.googleapis.com/upload/sites/one-stop-solution-e8ca1/versions/64845e4b113281fe/files/1ffc8cf427864eab715b512e4660de03a265101a9315438504c2ce6a301f6c75 [stream]
[debug] [2022-01-17T21:36:34.920Z] <<< [apiv2][status] POST https://upload-firebasehosting.googleapis.com/upload/sites/one-stop-solution-e8ca1/versions/64845e4b113281fe/files/e57fae5cfcf9e8fde22bfb3a0443dad28dbe171d8bae0b433ab29d11a75f2b12 200
[debug] [2022-01-17T21:36:34.920Z] <<< [apiv2][body] POST https://upload-firebasehosting.googleapis.com/upload/sites/one-stop-solution-e8ca1/versions/64845e4b113281fe/files/e57fae5cfcf9e8fde22bfb3a0443dad28dbe171d8bae0b433ab29d11a75f2b12 [stream]
[debug] [2022-01-17T21:36:34.932Z] <<< [apiv2][status] POST https://upload-firebasehosting.googleapis.com/upload/sites/one-stop-solution-e8ca1/versions/64845e4b113281fe/files/7d00ed9b6b9d5146aab7aa0510d44f8c32e34e262554c63c2bf8e6fc8978f973 200
[debug] [2022-01-17T21:36:34.933Z] <<< [apiv2][body] POST https://upload-firebasehosting.googleapis.com/upload/sites/one-stop-solution-e8ca1/versions/64845e4b113281fe/files/7d00ed9b6b9d5146aab7aa0510d44f8c32e34e262554c63c2bf8e6fc8978f973 [stream]
[debug] [2022-01-17T21:36:34.975Z] <<< [apiv2][status] POST https://upload-firebasehosting.googleapis.com/upload/sites/one-stop-solution-e8ca1/versions/64845e4b113281fe/files/4245c6f9d9e5482be88236e73ea801e5c68b7403cb948774ba5683b947c57f1a 200
[debug] [2022-01-17T21:36:34.975Z] <<< [apiv2][body] POST https://upload-firebasehosting.googleapis.com/upload/sites/one-stop-solution-e8ca1/versions/64845e4b113281fe/files/4245c6f9d9e5482be88236e73ea801e5c68b7403cb948774ba5683b947c57f1a [stream]
[debug] [2022-01-17T21:36:34.989Z] <<< [apiv2][status] POST https://upload-firebasehosting.googleapis.com/upload/sites/one-stop-solution-e8ca1/versions/64845e4b113281fe/files/a1928fc2fb595f2148162f5b128766d3b76af93d1dc671e261e17c51bed24d4d 200
[debug] [2022-01-17T21:36:34.989Z] <<< [apiv2][body] POST https://upload-firebasehosting.googleapis.com/upload/sites/one-stop-solution-e8ca1/versions/64845e4b113281fe/files/a1928fc2fb595f2148162f5b128766d3b76af93d1dc671e261e17c51bed24d4d [stream]
[debug] [2022-01-17T21:36:34.991Z] <<< [apiv2][status] POST https://upload-firebasehosting.googleapis.com/upload/sites/one-stop-solution-e8ca1/versions/64845e4b113281fe/files/0151e194ee08825f6ea35ccf2f01e3fac7faab5000b6c0eedb856aafc7ed1e0e 200
[debug] [2022-01-17T21:36:34.991Z] <<< [apiv2][body] POST https://upload-firebasehosting.googleapis.com/upload/sites/one-stop-solution-e8ca1/versions/64845e4b113281fe/files/0151e194ee08825f6ea35ccf2f01e3fac7faab5000b6c0eedb856aafc7ed1e0e [stream]
[debug] [2022-01-17T21:36:35.604Z] <<< [apiv2][status] POST https://upload-firebasehosting.googleapis.com/upload/sites/one-stop-solution-e8ca1/versions/64845e4b113281fe/files/e456966c69b532e43db5cc830ac62a4257ff2e0abafddcd55e951e61dd493068 200
[debug] [2022-01-17T21:36:35.605Z] <<< [apiv2][body] POST https://upload-firebasehosting.googleapis.com/upload/sites/one-stop-solution-e8ca1/versions/64845e4b113281fe/files/e456966c69b532e43db5cc830ac62a4257ff2e0abafddcd55e951e61dd493068 [stream]
[debug] [2022-01-17T21:36:35.676Z] <<< [apiv2][status] POST https://upload-firebasehosting.googleapis.com/upload/sites/one-stop-solution-e8ca1/versions/64845e4b113281fe/files/640965a5a35857ccc01ca8e2b10f7f7e28c348f5121b4dc09890012dd3edff22 200
[debug] [2022-01-17T21:36:35.676Z] <<< [apiv2][body] POST https://upload-firebasehosting.googleapis.com/upload/sites/one-stop-solution-e8ca1/versions/64845e4b113281fe/files/640965a5a35857ccc01ca8e2b10f7f7e28c348f5121b4dc09890012dd3edff22 [stream]
[debug] [2022-01-17T21:36:35.768Z] <<< [apiv2][status] POST https://upload-firebasehosting.googleapis.com/upload/sites/one-stop-solution-e8ca1/versions/64845e4b113281fe/files/c4f17c791b7887e546578089e52f0a9d6f224cefffff861f2b1e9bf218767744 200
[debug] [2022-01-17T21:36:35.769Z] <<< [apiv2][body] POST https://upload-firebasehosting.googleapis.com/upload/sites/one-stop-solution-e8ca1/versions/64845e4b113281fe/files/c4f17c791b7887e546578089e52f0a9d6f224cefffff861f2b1e9bf218767744 [stream]
[debug] [2022-01-17T21:36:53.599Z] [uploadQueue] Retrying task 2450bc35595bf32fc9d30492cc098d9331a1a5b5e1040c356a8c7aa1520ec976
[debug] [2022-01-17T21:36:53.600Z] >>> [apiv2][query] POST https://upload-firebasehosting.googleapis.com/upload/sites/one-stop-solution-e8ca1/versions/64845e4b113281fe/files/2450bc35595bf32fc9d30492cc098d9331a1a5b5e1040c356a8c7aa1520ec976 [none]
[debug] [2022-01-17T21:36:53.600Z] >>> [apiv2][body] POST https://upload-firebasehosting.googleapis.com/upload/sites/one-stop-solution-e8ca1/versions/64845e4b113281fe/files/2450bc35595bf32fc9d30492cc098d9331a1a5b5e1040c356a8c7aa1520ec976 [stream]
[debug] [2022-01-17T21:36:53.603Z] [uploadQueue] Retrying task fc4d3c02a58b94237456912298a8bc2621b8ee2bf0af7d3ebf5e93b9981fcad9
[debug] [2022-01-17T21:36:53.604Z] >>> [apiv2][query] POST https://upload-firebasehosting.googleapis.com/upload/sites/one-stop-solution-e8ca1/versions/64845e4b113281fe/files/fc4d3c02a58b94237456912298a8bc2621b8ee2bf0af7d3ebf5e93b9981fcad9 [none]
[debug] [2022-01-17T21:36:53.604Z] >>> [apiv2][body] POST https://upload-firebasehosting.googleapis.com/upload/sites/one-stop-solution-e8ca1/versions/64845e4b113281fe/files/fc4d3c02a58b94237456912298a8bc2621b8ee2bf0af7d3ebf5e93b9981fcad9 [stream]
[debug] [2022-01-17T21:36:53.605Z] [uploadQueue] Retrying task 5090f6449ada7db73c4edadd066e9cdd4f4c1f95f4e0a8f3c51b51a8980026a5
[debug] [2022-01-17T21:36:53.605Z] >>> [apiv2][query] POST https://upload-firebasehosting.googleapis.com/upload/sites/one-stop-solution-e8ca1/versions/64845e4b113281fe/files/5090f6449ada7db73c4edadd066e9cdd4f4c1f95f4e0a8f3c51b51a8980026a5 [none]
[debug] [2022-01-17T21:36:53.605Z] >>> [apiv2][body] POST https://upload-firebasehosting.googleapis.com/upload/sites/one-stop-solution-e8ca1/versions/64845e4b113281fe/files/5090f6449ada7db73c4edadd066e9cdd4f4c1f95f4e0a8f3c51b51a8980026a5 [stream]
[debug] [2022-01-17T21:36:56.389Z] <<< [apiv2][status] POST https://upload-firebasehosting.googleapis.com/upload/sites/one-stop-solution-e8ca1/versions/64845e4b113281fe/files/2450bc35595bf32fc9d30492cc098d9331a1a5b5e1040c356a8c7aa1520ec976 200
[debug] [2022-01-17T21:36:56.389Z] <<< [apiv2][body] POST https://upload-firebasehosting.googleapis.com/upload/sites/one-stop-solution-e8ca1/versions/64845e4b113281fe/files/2450bc35595bf32fc9d30492cc098d9331a1a5b5e1040c356a8c7aa1520ec976 [stream]
[debug] [2022-01-17T21:36:56.437Z] <<< [apiv2][status] POST https://upload-firebasehosting.googleapis.com/upload/sites/one-stop-solution-e8ca1/versions/64845e4b113281fe/files/5090f6449ada7db73c4edadd066e9cdd4f4c1f95f4e0a8f3c51b51a8980026a5 200
[debug] [2022-01-17T21:36:56.438Z] <<< [apiv2][body] POST https://upload-firebasehosting.googleapis.com/upload/sites/one-stop-solution-e8ca1/versions/64845e4b113281fe/files/5090f6449ada7db73c4edadd066e9cdd4f4c1f95f4e0a8f3c51b51a8980026a5 [stream]
[debug] [2022-01-17T21:36:57.679Z] <<< [apiv2][status] POST https://upload-firebasehosting.googleapis.com/upload/sites/one-stop-solution-e8ca1/versions/64845e4b113281fe/files/fc4d3c02a58b94237456912298a8bc2621b8ee2bf0af7d3ebf5e93b9981fcad9 200
[debug] [2022-01-17T21:36:57.680Z] <<< [apiv2][body] POST https://upload-firebasehosting.googleapis.com/upload/sites/one-stop-solution-e8ca1/versions/64845e4b113281fe/files/fc4d3c02a58b94237456912298a8bc2621b8ee2bf0af7d3ebf5e93b9981fcad9 [stream]
[debug] [2022-01-17T21:36:57.680Z] [hosting][upload queue][FINAL] {"max":4076,"min":2282,"avg":3042.375,"active":0,"complete":16,"success":16,"errored":0,"retried":3,"total":16,"elapsed":25664}
[info] +  hosting[one-stop-solution-e8ca1]: file upload complete 
[debug] [2022-01-17T21:36:57.683Z] [hosting] deploy completed after 94284ms
[debug] [2022-01-17T21:36:57.690Z] [
  {
    "config": {
      "public": "build",
      "ignore": [
        "firebase.json",
        "**/.*",
        "**/node_modules/**"
      ],
      "rewrites": [
        {
          "source": "**",
          "destination": "/index.html"
        }
      ],
      "site": "one-stop-solution-e8ca1"
    },
    "site": "one-stop-solution-e8ca1",
    "version": "sites/one-stop-solution-e8ca1/versions/64845e4b113281fe"
  }
]
[info] i  hosting[one-stop-solution-e8ca1]: finalizing version... 
[debug] [2022-01-17T21:36:57.691Z] > refreshing access token with scopes: ["email","https://www.googleapis.com/auth/cloud-platform","https://www.googleapis.com/auth/cloudplatformprojects.readonly","https://www.googleapis.com/auth/firebase","openid"]
[debug] [2022-01-17T21:36:57.692Z] >>> HTTP REQUEST POST https://www.googleapis.com/oauth2/v3/token  
 <request body omitted>
[debug] [2022-01-17T21:36:57.993Z] <<< HTTP RESPONSE 200 {"expires":"Mon, 01 Jan 1990 00:00:00 GMT","date":"Mon, 17 Jan 2022 21:36:57 GMT","cache-control":"no-cache, no-store, max-age=0, must-revalidate","pragma":"no-cache","content-type":"application/json; charset=utf-8","vary":"X-Origin, Referer, Origin,Accept-Encoding","server":"scaffolding on HTTPServer2","x-xss-protection":"0","x-frame-options":"SAMEORIGIN","x-content-type-options":"nosniff","alt-svc":"h3=\":443\"; ma=2592000,h3-29=\":443\"; ma=2592000,h3-Q050=\":443\"; ma=2592000,h3-Q046=\":443\"; ma=2592000,h3-Q043=\":443\"; ma=2592000,quic=\":443\"; ma=2592000; v=\"46,43\"","accept-ranges":"none","transfer-encoding":"chunked"}
[debug] [2022-01-17T21:36:58.006Z] >>> HTTP REQUEST PATCH https://firebasehosting.googleapis.com/v1beta1/sites/one-stop-solution-e8ca1/versions/64845e4b113281fe?updateMask=status  
 {"status":"FINALIZED"}
[debug] [2022-01-17T21:36:59.821Z] <<< HTTP RESPONSE 200 {"content-type":"application/json; charset=UTF-8","vary":"X-Origin, Referer, Origin,Accept-Encoding","date":"Mon, 17 Jan 2022 21:36:59 GMT","server":"ESF","cache-control":"private","x-xss-protection":"0","x-frame-options":"SAMEORIGIN","x-content-type-options":"nosniff","alt-svc":"h3=\":443\"; ma=2592000,h3-29=\":443\"; ma=2592000,h3-Q050=\":443\"; ma=2592000,h3-Q046=\":443\"; ma=2592000,h3-Q043=\":443\"; ma=2592000,quic=\":443\"; ma=2592000; v=\"46,43\"","accept-ranges":"none","transfer-encoding":"chunked"}
[debug] [2022-01-17T21:36:59.822Z] [hosting] finalized version for one-stop-solution-e8ca1: {"name":"sites/one-stop-solution-e8ca1/versions/64845e4b113281fe","status":"FINALIZED","config":{"rewrites":[{"glob":"**","path":"/index.html"}]},"labels":{"deployment-tool":"cli-firebase"},"createTime":"2022-01-17T21:35:22.971198Z","createUser":{"email":"sagar.shrivastava6413@gmail.com"},"finalizeTime":"2022-01-17T21:36:59.639540Z","finalizeUser":{"email":"sagar.shrivastava6413@gmail.com"}}
[info] +  hosting[one-stop-solution-e8ca1]: version finalized 
[info] i  hosting[one-stop-solution-e8ca1]: releasing new version... 
[debug] [2022-01-17T21:36:59.825Z] >>> HTTP REQUEST POST https://firebasehosting.googleapis.com/v1beta1/sites/one-stop-solution-e8ca1/releases?version_name=sites/one-stop-solution-e8ca1/versions/64845e4b113281fe  
 {"message":null}
[debug] [2022-01-17T21:37:21.143Z] Error: connect ETIMEDOUT 142.250.199.170:443
    at TCPConnectWrap.afterConnect [as oncomplete] (node:net:1161:16)
[error] 
[error] Error: Server Error. connect ETIMEDOUT 142.250.199.170:443
